[ERROR]2021/02/08 17:57:43 Cannot listen to port 50000. listen tcp: address 50000: missing port in address
[ERROR]2021/02/08 17:58:51 Cannot listen to port 50000. listen tcp: address 50000: missing port in address
[ERROR]2021/02/08 23:02:13 Test ERROR
[ERROR]2021/02/08 23:04:03 Test ERROR
[ERROR]2021/02/08 23:06:07 Test ERROR
[ERROR]2021/02/08 23:06:16 Test ERROR
[ERROR]2021/02/08 23:08:51 Error Test
[ERROR]2021/02/08 23:08:51 Test ERROR Error Test
[INFO]2021/02/08 23:08:51 Test ERROR
[DEBUG]2021/02/08 23:08:51 Test ERROR
[ERROR]2021/02/08 23:09:25 Error Test
[ERROR]2021/02/08 23:09:25 Test ERROR Error Test
[INFO]2021/02/08 23:09:25 Test ERROR
[DEBUG]2021/02/08 23:09:25 Test ERROR
[INFO]2021/02/08 23:11:12 Test ERROR
[DEBUG]2021/02/08 23:11:12 Test ERROR
[ERROR]2021/02/08 23:11:12 Error Test
[ERROR]2021/02/08 23:11:12 Test ERROR Error Test
[INFO]2021/02/08 23:13:23 Info Test
[ERROR]2021/02/08 23:13:23 Info Test Info Test
[DEBUG]2021/02/08 23:13:23 Debug Test
[ERROR]2021/02/08 23:13:23 Debug Test Debug Test
[ERROR]2021/02/08 23:13:23 Error Test
[ERROR]2021/02/08 23:13:23 Error Test Error Test
[INFO]2021/02/08 23:13:26 Info Test
[ERROR]2021/02/08 23:13:26 Info Test Info Test
[DEBUG]2021/02/08 23:13:26 Debug Test
[ERROR]2021/02/08 23:13:26 Debug Test Debug Test
[ERROR]2021/02/08 23:13:26 Error Test
[ERROR]2021/02/08 23:13:26 Error Test Error Test
